<?xml version="1.0" encoding="UTF-8"?>
<!-- Generated by org.testng.reporters.JUnitXMLReporter -->
<testsuite hostname="Timothy" ignored="1" name="Test" tests="3" failures="1" timestamp="10 Nov 2017 01:18:42 GMT" time="12.348" errors="0">
  <testcase name="loginTest" time="6.12" classname="freddie.frameworks.TestNGLoginTest">
    <failure type="java.lang.AssertionError" message="COULD NOT FIND THE CONFIRMATION MESSAGE WEB ELEMENT">
      <![CDATA[java.lang.AssertionError: COULD NOT FIND THE CONFIRMATION MESSAGE WEB ELEMENT
	at freddie.frameworks.TestNGLoginTest.loginTest(TestNGLoginTest.java:47)
... Removed 26 stack frames]]>
    </failure>
  </testcase> <!-- loginTest -->
  <testcase name="myFirstTest" time="0.002" classname="freddie.frameworks.TestNGTest01"/>
  <testcase name="myThirdTest" time="0.001" classname="freddie.frameworks.TestNGTest01"/>
  <testcase name="mySecondTest" time="0.0" classname="freddie.frameworks.TestNGTest01">
    <ignored/>
  </testcase> <!-- mySecondTest -->
</testsuite> <!-- Test -->
