<?xml version="1.0" encoding="UTF-8"?>
<!-- Generated by org.testng.reporters.JUnitXMLReporter -->
<testsuite hostname="Timothy" ignored="0" name="Functional Tests" tests="1" failures="1" timestamp="10 Nov 2017 01:26:48 GMT" time="11.664" errors="0">
  <testcase name="loginTest" time="5.825" classname="freddie.frameworks.TestNGLoginTest">
    <failure type="java.lang.AssertionError" message="COULD NOT FIND THE CONFIRMATION MESSAGE WEB ELEMENT">
      <![CDATA[java.lang.AssertionError: COULD NOT FIND THE CONFIRMATION MESSAGE WEB ELEMENT
	at freddie.frameworks.TestNGLoginTest.loginTest(TestNGLoginTest.java:47)
... Removed 26 stack frames]]>
    </failure>
  </testcase> <!-- loginTest -->
</testsuite> <!-- Functional Tests -->
